app/build/intermediates/manifest_merge_blame_file/debug/manifest-merger-blame-debug-report.txt
1<?xml version="1.0" encoding="utf-8"?>
2<manifest xmlns:android="http://schemas.android.com/apk/res/android"
3    package="com.jbchat.app"
4    android:versionCode="1"
5    android:versionName="1.0" >
6
7    <uses-sdk
8        android:minSdkVersion="24"
9        android:targetSdkVersion="34" />
10
11    <uses-permission android:name="android.permission.INTERNET" />
11-->src/main/AndroidManifest.xml:4:5-67
11-->src/main/AndroidManifest.xml:4:22-64
12    <uses-permission android:name="android.permission.POST_NOTIFICATIONS" />
12-->src/main/AndroidManifest.xml:5:5-77
12-->src/main/AndroidManifest.xml:5:22-74
13
14    <!-- Although the *SdkVersion is captured in gradle build files, this is required for non gradle builds -->
15    <!-- <uses-sdk android:minSdkVersion="14" /> -->
16    <uses-permission android:name="android.permission.ACCESS_NETWORK_STATE" />
16-->[com.google.firebase:firebase-firestore:24.11.1] AndroidManifest.xml:10:5-79
16-->[com.google.firebase:firebase-firestore:24.11.1] AndroidManifest.xml:10:22-76
17    <uses-permission android:name="android.permission.WAKE_LOCK" /> <!-- Required by older versions of Google Play services to create IID tokens -->
17-->[com.google.firebase:firebase-messaging:23.4.1] AndroidManifest.xml:24:5-68
17-->[com.google.firebase:firebase-messaging:23.4.1] AndroidManifest.xml:24:22-65
18    <uses-permission android:name="com.google.android.c2dm.permission.RECEIVE" />
18-->[com.google.firebase:firebase-messaging:23.4.1] AndroidManifest.xml:26:5-82
18-->[com.google.firebase:firebase-messaging:23.4.1] AndroidManifest.xml:26:22-79
19
20    <permission
20-->[androidx.core:core:1.12.0] AndroidManifest.xml:22:5-24:47
21        android:name="com.jbchat.app.DYNAMIC_RECEIVER_NOT_EXPORTED_PERMISSION"
21-->[androidx.core:core:1.12.0] AndroidManifest.xml:23:9-81
22        android:protectionLevel="signature" />
22-->[androidx.core:core:1.12.0] AndroidManifest.xml:24:9-44
23
24    <uses-permission android:name="com.jbchat.app.DYNAMIC_RECEIVER_NOT_EXPORTED_PERMISSION" />
24-->[androidx.core:core:1.12.0] AndroidManifest.xml:26:5-97
24-->[androidx.core:core:1.12.0] AndroidManifest.xml:26:22-94
25
26    <application
26-->src/main/AndroidManifest.xml:7:5-24:19
27        android:allowBackup="true"
27-->src/main/AndroidManifest.xml:8:9-35
28        android:appComponentFactory="androidx.core.app.CoreComponentFactory"
28-->[androidx.core:core:1.12.0] AndroidManifest.xml:28:18-86
29        android:debuggable="true"
30        android:extractNativeLibs="false"
31        android:label="J&amp;B.chat.app"
31-->src/main/AndroidManifest.xml:9:9-41
32        android:supportsRtl="true"
32-->src/main/AndroidManifest.xml:10:9-35
33        android:theme="@android:style/Theme.Material.Light.NoActionBar" >
33-->src/main/AndroidManifest.xml:11:9-72
34        <activity
34-->src/main/AndroidManifest.xml:13:9-22:20
35            android:name="com.jbchat.app.MainActivity"
35-->src/main/AndroidManifest.xml:14:13-41
36            android:exported="true" >
36-->src/main/AndroidManifest.xml:15:13-36
37            <intent-filter>
37-->src/main/AndroidManifest.xml:17:13-20:29
38                <action android:name="android.intent.action.MAIN" />
38-->src/main/AndroidManifest.xml:18:17-69
38-->src/main/AndroidManifest.xml:18:25-66
39
40                <category android:name="android.intent.category.LAUNCHER" />
40-->src/main/AndroidManifest.xml:19:17-77
40-->src/main/AndroidManifest.xml:19:27-74
41            </intent-filter>
42        </activity>
43
44        <service
44-->[com.google.firebase:firebase-firestore-ktx:24.11.1] AndroidManifest.xml:9:9-15:19
45            android:name="com.google.firebase.components.ComponentDiscoveryService"
45-->[com.google.firebase:firebase-firestore-ktx:24.11.1] AndroidManifest.xml:10:13-84
46            android:directBootAware="true"
46-->[com.google.firebase:firebase-common:20.4.3] AndroidManifest.xml:32:13-43
47            android:exported="false" >
47-->[com.google.firebase:firebase-firestore-ktx:24.11.1] AndroidManifest.xml:11:13-37
48            <meta-data
48-->[com.google.firebase:firebase-firestore-ktx:24.11.1] AndroidManifest.xml:12:13-14:85
49                android:name="com.google.firebase.components:com.google.firebase.firestore.ktx.FirebaseFirestoreLegacyRegistrar"
49-->[com.google.firebase:firebase-firestore-ktx:24.11.1] AndroidManifest.xml:13:17-129
50                android:value="com.google.firebase.components.ComponentRegistrar" />
50-->[com.google.firebase:firebase-firestore-ktx:24.11.1] AndroidManifest.xml:14:17-82
51            <meta-data
51-->[com.google.firebase:firebase-messaging-ktx:23.4.1] AndroidManifest.xml:26:13-28:85
52                android:name="com.google.firebase.components:com.google.firebase.messaging.ktx.FirebaseMessagingLegacyRegistrar"
52-->[com.google.firebase:firebase-messaging-ktx:23.4.1] AndroidManifest.xml:27:17-129
53                android:value="com.google.firebase.components.ComponentRegistrar" />
53-->[com.google.firebase:firebase-messaging-ktx:23.4.1] AndroidManifest.xml:28:17-82
54            <meta-data
54-->[com.google.firebase:firebase-firestore:24.11.1] AndroidManifest.xml:17:13-19:85
55                android:name="com.google.firebase.components:com.google.firebase.firestore.FirebaseFirestoreKtxRegistrar"
55-->[com.google.firebase:firebase-firestore:24.11.1] AndroidManifest.xml:18:17-122
56                android:value="com.google.firebase.components.ComponentRegistrar" />
56-->[com.google.firebase:firebase-firestore:24.11.1] AndroidManifest.xml:19:17-82
57            <meta-data
57-->[com.google.firebase:firebase-firestore:24.11.1] AndroidManifest.xml:20:13-22:85
58                android:name="com.google.firebase.components:com.google.firebase.firestore.FirestoreRegistrar"
58-->[com.google.firebase:firebase-firestore:24.11.1] AndroidManifest.xml:21:17-111
59                android:value="com.google.firebase.components.ComponentRegistrar" />
59-->[com.google.firebase:firebase-firestore:24.11.1] AndroidManifest.xml:22:17-82
60            <meta-data
60-->[com.google.firebase:firebase-messaging:23.4.1] AndroidManifest.xml:57:13-59:85
61                android:name="com.google.firebase.components:com.google.firebase.messaging.FirebaseMessagingKtxRegistrar"
61-->[com.google.firebase:firebase-messaging:23.4.1] AndroidManifest.xml:58:17-122
62                android:value="com.google.firebase.components.ComponentRegistrar" />
62-->[com.google.firebase:firebase-messaging:23.4.1] AndroidManifest.xml:59:17-82
63            <meta-data
63-->[com.google.firebase:firebase-messaging:23.4.1] AndroidManifest.xml:60:13-62:85
64                android:name="com.google.firebase.components:com.google.firebase.messaging.FirebaseMessagingRegistrar"
64-->[com.google.firebase:firebase-messaging:23.4.1] AndroidManifest.xml:61:17-119
65                android:value="com.google.firebase.components.ComponentRegistrar" />
65-->[com.google.firebase:firebase-messaging:23.4.1] AndroidManifest.xml:62:17-82
66            <meta-data
66-->[com.google.firebase:firebase-installations:17.2.0] AndroidManifest.xml:15:13-17:85
67                android:name="com.google.firebase.components:com.google.firebase.installations.FirebaseInstallationsKtxRegistrar"
67-->[com.google.firebase:firebase-installations:17.2.0] AndroidManifest.xml:16:17-130
68                android:value="com.google.firebase.components.ComponentRegistrar" />
68-->[com.google.firebase:firebase-installations:17.2.0] AndroidManifest.xml:17:17-82
69            <meta-data
69-->[com.google.firebase:firebase-installations:17.2.0] AndroidManifest.xml:18:13-20:85
70                android:name="com.google.firebase.components:com.google.firebase.installations.FirebaseInstallationsRegistrar"
70-->[com.google.firebase:firebase-installations:17.2.0] AndroidManifest.xml:19:17-127
71                android:value="com.google.firebase.components.ComponentRegistrar" />
71-->[com.google.firebase:firebase-installations:17.2.0] AndroidManifest.xml:20:17-82
72            <meta-data
72-->[com.google.firebase:firebase-common-ktx:20.4.3] AndroidManifest.xml:12:13-14:85
73                android:name="com.google.firebase.components:com.google.firebase.ktx.FirebaseCommonLegacyRegistrar"
73-->[com.google.firebase:firebase-common-ktx:20.4.3] AndroidManifest.xml:13:17-116
74                android:value="com.google.firebase.components.ComponentRegistrar" />
74-->[com.google.firebase:firebase-common-ktx:20.4.3] AndroidManifest.xml:14:17-82
75            <meta-data
75-->[com.google.firebase:firebase-common:20.4.3] AndroidManifest.xml:35:13-37:85
76                android:name="com.google.firebase.components:com.google.firebase.FirebaseCommonKtxRegistrar"
76-->[com.google.firebase:firebase-common:20.4.3] AndroidManifest.xml:36:17-109
77                android:value="com.google.firebase.components.ComponentRegistrar" />
77-->[com.google.firebase:firebase-common:20.4.3] AndroidManifest.xml:37:17-82
78            <meta-data
78-->[com.google.firebase:firebase-datatransport:18.1.7] AndroidManifest.xml:27:13-29:85
79                android:name="com.google.firebase.components:com.google.firebase.datatransport.TransportRegistrar"
79-->[com.google.firebase:firebase-datatransport:18.1.7] AndroidManifest.xml:28:17-115
80                android:value="com.google.firebase.components.ComponentRegistrar" />
80-->[com.google.firebase:firebase-datatransport:18.1.7] AndroidManifest.xml:29:17-82
81        </service>
82
83        <receiver
83-->[com.google.firebase:firebase-messaging:23.4.1] AndroidManifest.xml:29:9-40:20
84            android:name="com.google.firebase.iid.FirebaseInstanceIdReceiver"
84-->[com.google.firebase:firebase-messaging:23.4.1] AndroidManifest.xml:30:13-78
85            android:exported="true"
85-->[com.google.firebase:firebase-messaging:23.4.1] AndroidManifest.xml:31:13-36
86            android:permission="com.google.android.c2dm.permission.SEND" >
86-->[com.google.firebase:firebase-messaging:23.4.1] AndroidManifest.xml:32:13-73
87            <intent-filter>
87-->[com.google.firebase:firebase-messaging:23.4.1] AndroidManifest.xml:33:13-35:29
88                <action android:name="com.google.android.c2dm.intent.RECEIVE" />
88-->[com.google.firebase:firebase-messaging:23.4.1] AndroidManifest.xml:34:17-81
88-->[com.google.firebase:firebase-messaging:23.4.1] AndroidManifest.xml:34:25-78
89            </intent-filter>
90
91            <meta-data
91-->[com.google.firebase:firebase-messaging:23.4.1] AndroidManifest.xml:37:13-39:40
92                android:name="com.google.android.gms.cloudmessaging.FINISHED_AFTER_HANDLED"
92-->[com.google.firebase:firebase-messaging:23.4.1] AndroidManifest.xml:38:17-92
93                android:value="true" />
93-->[com.google.firebase:firebase-messaging:23.4.1] AndroidManifest.xml:39:17-37
94        </receiver>
95        <!--
96             FirebaseMessagingService performs security checks at runtime,
97             but set to not exported to explicitly avoid allowing another app to call it.
98        -->
99        <service
99-->[com.google.firebase:firebase-messaging:23.4.1] AndroidManifest.xml:46:9-53:19
100            android:name="com.google.firebase.messaging.FirebaseMessagingService"
100-->[com.google.firebase:firebase-messaging:23.4.1] AndroidManifest.xml:47:13-82
101            android:directBootAware="true"
101-->[com.google.firebase:firebase-messaging:23.4.1] AndroidManifest.xml:48:13-43
102            android:exported="false" >
102-->[com.google.firebase:firebase-messaging:23.4.1] AndroidManifest.xml:49:13-37
103            <intent-filter android:priority="-500" >
103-->[com.google.firebase:firebase-messaging:23.4.1] AndroidManifest.xml:50:13-52:29
103-->[com.google.firebase:firebase-messaging:23.4.1] AndroidManifest.xml:50:28-51
104                <action android:name="com.google.firebase.MESSAGING_EVENT" />
104-->[com.google.firebase:firebase-messaging:23.4.1] AndroidManifest.xml:51:17-78
104-->[com.google.firebase:firebase-messaging:23.4.1] AndroidManifest.xml:51:25-75
105            </intent-filter>
106        </service>
107
108        <provider
108-->[com.google.firebase:firebase-common:20.4.3] AndroidManifest.xml:23:9-28:39
109            android:name="com.google.firebase.provider.FirebaseInitProvider"
109-->[com.google.firebase:firebase-common:20.4.3] AndroidManifest.xml:24:13-77
110            android:authorities="com.jbchat.app.firebaseinitprovider"
110-->[com.google.firebase:firebase-common:20.4.3] AndroidManifest.xml:25:13-72
111            android:directBootAware="true"
111-->[com.google.firebase:firebase-common:20.4.3] AndroidManifest.xml:26:13-43
112            android:exported="false"
112-->[com.google.firebase:firebase-common:20.4.3] AndroidManifest.xml:27:13-37
113            android:initOrder="100" />
113-->[com.google.firebase:firebase-common:20.4.3] AndroidManifest.xml:28:13-36
114
115        <activity
115-->[com.google.android.gms:play-services-base:18.0.1] AndroidManifest.xml:20:9-22:45
116            android:name="com.google.android.gms.common.api.GoogleApiActivity"
116-->[com.google.android.gms:play-services-base:18.0.1] AndroidManifest.xml:20:19-85
117            android:exported="false"
117-->[com.google.android.gms:play-services-base:18.0.1] AndroidManifest.xml:22:19-43
118            android:theme="@android:style/Theme.Translucent.NoTitleBar" />
118-->[com.google.android.gms:play-services-base:18.0.1] AndroidManifest.xml:21:19-78
119
120        <provider
120-->[androidx.emoji2:emoji2:1.3.0] AndroidManifest.xml:24:9-32:20
121            android:name="androidx.startup.InitializationProvider"
121-->[androidx.emoji2:emoji2:1.3.0] AndroidManifest.xml:25:13-67
122            android:authorities="com.jbchat.app.androidx-startup"
122-->[androidx.emoji2:emoji2:1.3.0] AndroidManifest.xml:26:13-68
123            android:exported="false" >
123-->[androidx.emoji2:emoji2:1.3.0] AndroidManifest.xml:27:13-37
124            <meta-data
124-->[androidx.emoji2:emoji2:1.3.0] AndroidManifest.xml:29:13-31:52
125                android:name="androidx.emoji2.text.EmojiCompatInitializer"
125-->[androidx.emoji2:emoji2:1.3.0] AndroidManifest.xml:30:17-75
126                android:value="androidx.startup" />
126-->[androidx.emoji2:emoji2:1.3.0] AndroidManifest.xml:31:17-49
127            <meta-data
127-->[androidx.lifecycle:lifecycle-process:2.6.1] AndroidManifest.xml:29:13-31:52
128                android:name="androidx.lifecycle.ProcessLifecycleInitializer"
128-->[androidx.lifecycle:lifecycle-process:2.6.1] AndroidManifest.xml:30:17-78
129                android:value="androidx.startup" />
129-->[androidx.lifecycle:lifecycle-process:2.6.1] AndroidManifest.xml:31:17-49
130            <meta-data
130-->[androidx.profileinstaller:profileinstaller:1.3.0] AndroidManifest.xml:29:13-31:52
131                android:name="androidx.profileinstaller.ProfileInstallerInitializer"
131-->[androidx.profileinstaller:profileinstaller:1.3.0] AndroidManifest.xml:30:17-85
132                android:value="androidx.startup" />
132-->[androidx.profileinstaller:profileinstaller:1.3.0] AndroidManifest.xml:31:17-49
133        </provider>
134
135        <meta-data
135-->[com.google.android.gms:play-services-basement:18.3.0] AndroidManifest.xml:21:9-23:69
136            android:name="com.google.android.gms.version"
136-->[com.google.android.gms:play-services-basement:18.3.0] AndroidManifest.xml:22:13-58
137            android:value="@integer/google_play_services_version" />
137-->[com.google.android.gms:play-services-basement:18.3.0] AndroidManifest.xml:23:13-66
138
139        <receiver
139-->[androidx.profileinstaller:profileinstaller:1.3.0] AndroidManifest.xml:34:9-52:20
140            android:name="androidx.profileinstaller.ProfileInstallReceiver"
140-->[androidx.profileinstaller:profileinstaller:1.3.0] AndroidManifest.xml:35:13-76
141            android:directBootAware="false"
141-->[androidx.profileinstaller:profileinstaller:1.3.0] AndroidManifest.xml:36:13-44
142            android:enabled="true"
142-->[androidx.profileinstaller:profileinstaller:1.3.0] AndroidManifest.xml:37:13-35
143            android:exported="true"
143-->[androidx.profileinstaller:profileinstaller:1.3.0] AndroidManifest.xml:38:13-36
144            android:permission="android.permission.DUMP" >
144-->[androidx.profileinstaller:profileinstaller:1.3.0] AndroidManifest.xml:39:13-57
145            <intent-filter>
145-->[androidx.profileinstaller:profileinstaller:1.3.0] AndroidManifest.xml:40:13-42:29
146                <action android:name="androidx.profileinstaller.action.INSTALL_PROFILE" />
146-->[androidx.profileinstaller:profileinstaller:1.3.0] AndroidManifest.xml:41:17-91
146-->[androidx.profileinstaller:profileinstaller:1.3.0] AndroidManifest.xml:41:25-88
147            </intent-filter>
148            <intent-filter>
148-->[androidx.profileinstaller:profileinstaller:1.3.0] AndroidManifest.xml:43:13-45:29
149                <action android:name="androidx.profileinstaller.action.SKIP_FILE" />
149-->[androidx.profileinstaller:profileinstaller:1.3.0] AndroidManifest.xml:44:17-85
149-->[androidx.profileinstaller:profileinstaller:1.3.0] AndroidManifest.xml:44:25-82
150            </intent-filter>
151            <intent-filter>
151-->[androidx.profileinstaller:profileinstaller:1.3.0] AndroidManifest.xml:46:13-48:29
152                <action android:name="androidx.profileinstaller.action.SAVE_PROFILE" />
152-->[androidx.profileinstaller:profileinstaller:1.3.0] AndroidManifest.xml:47:17-88
152-->[androidx.profileinstaller:profileinstaller:1.3.0] AndroidManifest.xml:47:25-85
153            </intent-filter>
154            <intent-filter>
154-->[androidx.profileinstaller:profileinstaller:1.3.0] AndroidManifest.xml:49:13-51:29
155                <action android:name="androidx.profileinstaller.action.BENCHMARK_OPERATION" />
155-->[androidx.profileinstaller:profileinstaller:1.3.0] AndroidManifest.xml:50:17-95
155-->[androidx.profileinstaller:profileinstaller:1.3.0] AndroidManifest.xml:50:25-92
156            </intent-filter>
157        </receiver>
158
159        <service
159-->[com.google.android.datatransport:transport-backend-cct:3.1.8] AndroidManifest.xml:28:9-34:19
160            android:name="com.google.android.datatransport.runtime.backends.TransportBackendDiscovery"
160-->[com.google.android.datatransport:transport-backend-cct:3.1.8] AndroidManifest.xml:29:13-103
161            android:exported="false" >
161-->[com.google.android.datatransport:transport-backend-cct:3.1.8] AndroidManifest.xml:30:13-37
162            <meta-data
162-->[com.google.android.datatransport:transport-backend-cct:3.1.8] AndroidManifest.xml:31:13-33:39
163                android:name="backend:com.google.android.datatransport.cct.CctBackendFactory"
163-->[com.google.android.datatransport:transport-backend-cct:3.1.8] AndroidManifest.xml:32:17-94
164                android:value="cct" />
164-->[com.google.android.datatransport:transport-backend-cct:3.1.8] AndroidManifest.xml:33:17-36
165        </service>
166        <service
166-->[com.google.android.datatransport:transport-runtime:3.1.8] AndroidManifest.xml:26:9-30:19
167            android:name="com.google.android.datatransport.runtime.scheduling.jobscheduling.JobInfoSchedulerService"
167-->[com.google.android.datatransport:transport-runtime:3.1.8] AndroidManifest.xml:27:13-117
168            android:exported="false"
168-->[com.google.android.datatransport:transport-runtime:3.1.8] AndroidManifest.xml:28:13-37
169            android:permission="android.permission.BIND_JOB_SERVICE" >
169-->[com.google.android.datatransport:transport-runtime:3.1.8] AndroidManifest.xml:29:13-69
170        </service>
171
172        <receiver
172-->[com.google.android.datatransport:transport-runtime:3.1.8] AndroidManifest.xml:32:9-34:40
173            android:name="com.google.android.datatransport.runtime.scheduling.jobscheduling.AlarmManagerSchedulerBroadcastReceiver"
173-->[com.google.android.datatransport:transport-runtime:3.1.8] AndroidManifest.xml:33:13-132
174            android:exported="false" />
174-->[com.google.android.datatransport:transport-runtime:3.1.8] AndroidManifest.xml:34:13-37
175    </application>
176
177</manifest>